<?xml version="1.0" encoding="UTF-8"?>
<!-- Generated by org.testng.reporters.JUnitXMLReporter -->
<testsuite ignored="0" hostname="DESKTOP-631K77G" failures="0" tests="3" name="Facebook test case" time="20.883" errors="0" timestamp="07 Mar 2019 05:27:44 GMT">
  <testcase classname="com.qa.TestCases.LoginPageTest" name="LoginTest" time="1.738"/>
  <testcase classname="com.qa.TestCases.LoginPageTest" name="LoginPageTitleTest" time="0.342"/>
  <testcase classname="com.qa.TestCases.LoginPageTest" name="verifysignUp" time="0.461"/>
</testsuite> <!-- Facebook test case -->
