<?xml version="1.0" encoding="UTF-8"?>
<!-- Generated by org.testng.reporters.JUnitXMLReporter -->
<testsuite ignored="0" hostname="DESKTOP-631K77G" failures="0" tests="6" name="Wordpress test case" time="42.792" errors="0" timestamp="09 Mar 2019 05:11:31 GMT">
  <testcase classname="com.qa.TestCases.LoginPageTest" name="LoginTest" time="1.849"/>
  <testcase classname="com.qa.TestCases.HomePageTest" name="HomePageTitleTest" time="0.011"/>
  <testcase classname="com.qa.TestCases.HomePageTest" name="userNameLableTest" time="0.037"/>
  <testcase classname="com.qa.TestCases.PostPageTest" name="selectPost" time="0.058"/>
  <testcase classname="com.qa.TestCases.LoginPageTest" name="LoginPageTitleTest" time="0.006"/>
  <testcase classname="com.qa.TestCases.LoginPageTest" name="verifylogo" time="0.034"/>
</testsuite> <!-- Wordpress test case -->
