<?xml version="1.0" encoding="UTF-8"?>
<!-- Generated by org.testng.reporters.JUnitXMLReporter -->
<testsuite ignored="0" hostname="DESKTOP-631K77G" failures="0" tests="13" name="Command line test" time="98.502" errors="0" timestamp="2019-03-18T02:05:20 CDT">
  <testcase classname="com.qa.TestCases.CrmPageTest" name="clickOnAddContactTest" time="0.437"/>
  <testcase classname="com.qa.TestCases.CrmPageTest" name="CreateNewContactTest" time="0.3"/>
  <testcase classname="com.qa.TestCases.CrmPageTest" name="crmPageTitleTest" time="0.009"/>
  <testcase classname="com.qa.TestCases.HomePageTest" name="HomePageTitleTest" time="0.013"/>
  <testcase classname="com.qa.TestCases.HomePageTest" name="userNameLableTest" time="0.039"/>
  <testcase classname="com.qa.TestCases.LoginPageTest" name="LoginTest" time="1.498"/>
  <testcase classname="com.qa.TestCases.LoginPageTest" name="verifylogo" time="0.029"/>
  <testcase classname="com.qa.TestCases.LoginPageTest" name="LoginPageTitleTest" time="0.006"/>
  <testcase classname="com.qa.TestCases.ProductNservicePageTest" name="ProNservicePageTitileTest" time="0.005"/>
  <testcase classname="com.qa.TestCases.ProductNservicePageTest" name="CreatNewProductTest" time="2.908"/>
  <testcase classname="com.qa.TestCases.ProductNservicePageTest" name="CreatNewProductTest" time="2.984"/>
  <testcase classname="com.qa.TestCases.ProductNservicePageTest" name="CreatNewProductTest" time="3.027"/>
  <testcase classname="com.qa.TestCases.ProductNservicePageTest" name="CreatNewProductTest" time="2.943"/>
</testsuite> <!-- Command line test -->
