<?xml version="1.0" encoding="UTF-8"?>
<!-- Generated by org.testng.reporters.JUnitXMLReporter -->
<testsuite ignored="0" hostname="DESKTOP-631K77G" failures="0" tests="10" name="Command line test" time="62.975" errors="0" timestamp="2019-03-22T13:16:11 CDT">
  <testcase classname="com.qa.TestCases.CrmPageTest" name="clickOnAddContactTest" time="0.604"/>
  <testcase classname="com.qa.TestCases.CrmPageTest" name="CreateNewContactTest" time="0.572"/>
  <testcase classname="com.qa.TestCases.CrmPageTest" name="crmPageTitleTest" time="0.012"/>
  <testcase classname="com.qa.TestCases.HomePageTest" name="HomePageTitleTest" time="0.008"/>
  <testcase classname="com.qa.TestCases.HomePageTest" name="userNameLableTest" time="0.031"/>
  <testcase classname="com.qa.TestCases.LoginPageTest" name="LoginTest" time="1.891"/>
  <testcase classname="com.qa.TestCases.LoginPageTest" name="verifylogo" time="0.033"/>
  <testcase classname="com.qa.TestCases.LoginPageTest" name="LoginPageTitleTest" time="0.008"/>
  <testcase classname="com.qa.TestCases.ProductNservicePageTest" name="ProNservicePageTitileTest" time="0.007"/>
  <testcase classname="com.qa.TestCases.ProductNservicePageTest" name="CreatNewProductTest" time="0.0">
    <skipped/>
  </testcase> <!-- CreatNewProductTest -->
</testsuite> <!-- Command line test -->
