<?xml version="1.0" encoding="UTF-8"?>
<!-- Generated by org.testng.reporters.JUnitXMLReporter -->
<testsuite ignored="0" hostname="DESKTOP-631K77G" failures="0" tests="3" name="Techfios App test case" time="21.761" errors="0" timestamp="14 Mar 2019 02:07:48 GMT">
  <testcase classname="com.qa.TestCases.LoginPageTest" name="LoginTest" time="1.733"/>
  <testcase classname="com.qa.TestCases.LoginPageTest" name="verifylogo" time="0.034"/>
  <testcase classname="com.qa.TestCases.LoginPageTest" name="LoginPageTitleTest" time="0.007"/>
</testsuite> <!-- Techfios App test case -->
