<?xml version="1.0" encoding="UTF-8"?>
<!-- Generated by org.testng.reporters.JUnitXMLReporter -->
<testsuite ignored="0" hostname="DESKTOP-631K77G" failures="0" tests="3" name="Default test" time="19.323" errors="0" timestamp="17 Mar 2019 16:40:36 GMT">
  <testcase classname="com.qa.TestCases.LoginPageTest" name="LoginTest" time="1.534"/>
  <testcase classname="com.qa.TestCases.LoginPageTest" name="verifylogo" time="0.035"/>
  <testcase classname="com.qa.TestCases.LoginPageTest" name="LoginPageTitleTest" time="0.007"/>
</testsuite> <!-- Default test -->
