<?xml version="1.0" encoding="UTF-8"?>
<!-- Generated by org.testng.reporters.JUnitXMLReporter -->
<testsuite ignored="0" hostname="DESKTOP-631K77G" failures="0" tests="3" name="Default test" time="18.283" errors="0" timestamp="21 Mar 2019 21:09:02 GMT">
  <testcase classname="com.qa.TestCases.LoginPageTest" name="LoginTest" time="2.22"/>
  <testcase classname="com.qa.TestCases.LoginPageTest" name="verifylogo" time="0.029"/>
  <testcase classname="com.qa.TestCases.LoginPageTest" name="LoginPageTitleTest" time="0.007"/>
</testsuite> <!-- Default test -->
