<?xml version="1.0" encoding="UTF-8" ?>
<testsuite tests="10" failures="0" name="TestSuite" time="3.846" errors="0" skipped="1">
  <properties>
[...]
</properties>
  <testcase classname="com.qa.TestCases.CrmPageTest" name="clickOnAddContactTest" time="0.608"/>
  <testcase classname="com.qa.TestCases.CrmPageTest" name="CreateNewContactTest" time="0.573"/>
  <testcase classname="com.qa.TestCases.CrmPageTest" name="crmPageTitleTest" time="0.012"/>
  <testcase classname="com.qa.TestCases.HomePageTest" name="HomePageTitleTest" time="0.008"/>
  <testcase classname="com.qa.TestCases.HomePageTest" name="userNameLableTest" time="0.032"/>
  <testcase classname="com.qa.TestCases.LoginPageTest" name="LoginTest" time="1.892"/>
  <testcase classname="com.qa.TestCases.LoginPageTest" name="verifylogo" time="0.033"/>
  <testcase classname="com.qa.TestCases.LoginPageTest" name="LoginPageTitleTest" time="0.008"/>
  <testcase classname="com.qa.TestCases.ProductNservicePageTest" name="ProNservicePageTitileTest" time="0.006"/>
  <testcase classname="com.qa.TestCases.ProductNservicePageTest" name="CreatNewProductTest" time="0.674">
    <skipped/>
    <system-err>java.io.FileNotFoundException: C:\Users\patel\eclipse-workspace\dell.qa\src\main\java\com\qa\TestData\Product.xlsx (The system cannot find the path specified)
	at java.base/java.io.FileInputStream.open0(Native Method)
	at java.base/java.io.FileInputStream.open(FileInputStream.java:219)
	at java.base/java.io.FileInputStream.&lt;init&gt;(FileInputStream.java:157)
	at java.base/java.io.FileInputStream.&lt;init&gt;(FileInputStream.java:112)
	at com.qa.Util.TestUtil.getTestData(TestUtil.java:33)
	at com.qa.TestCases.ProductNservicePageTest.getProductTestData(ProductNservicePageTest.java:45)
	at java.base/jdk.internal.reflect.NativeMethodAccessorImpl.invoke0(Native Method)
	at java.base/jdk.internal.reflect.NativeMethodAccessorImpl.invoke(NativeMethodAccessorImpl.java:62)
	at java.base/jdk.internal.reflect.DelegatingMethodAccessorImpl.invoke(DelegatingMethodAccessorImpl.java:43)
	at java.base/java.lang.reflect.Method.invoke(Method.java:566)
	at org.testng.internal.MethodInvocationHelper.invokeMethod(MethodInvocationHelper.java:131)
	at org.testng.internal.MethodInvocationHelper.invokeMethod(MethodInvocationHelper.java:76)
	at org.testng.internal.MethodInvocationHelper.invokeMethodNoCheckedException(MethodInvocationHelper.java:45)
	at org.testng.internal.MethodInvocationHelper.invokeDataProvider(MethodInvocationHelper.java:144)
	at org.testng.internal.Parameters.handleParameters(Parameters.java:794)
	at org.testng.internal.Parameters.handleParameters(Parameters.java:739)
	at org.testng.internal.ParameterHandler.handleParameters(ParameterHandler.java:60)
	at org.testng.internal.ParameterHandler.createParameters(ParameterHandler.java:39)
	at org.testng.internal.TestInvoker$MethodInvocationAgent.invoke(TestInvoker.java:757)
	at org.testng.internal.TestInvoker.invokeTestMethods(TestInvoker.java:143)
	at org.testng.internal.TestMethodWorker.invokeTestMethods(TestMethodWorker.java:146)
	at org.testng.internal.TestMethodWorker.run(TestMethodWorker.java:128)
	at org.testng.TestRunner.privateRun(TestRunner.java:763)
	at org.testng.TestRunner.run(TestRunner.java:594)
	at org.testng.SuiteRunner.runTest(SuiteRunner.java:398)
	at org.testng.SuiteRunner.runSequentially(SuiteRunner.java:392)
	at org.testng.SuiteRunner.privateRun(SuiteRunner.java:355)
	at org.testng.SuiteRunner.run(SuiteRunner.java:304)
	at org.testng.SuiteRunnerWorker.runSuite(SuiteRunnerWorker.java:53)
	at org.testng.SuiteRunnerWorker.run(SuiteRunnerWorker.java:96)
	at org.testng.TestNG.runSuitesSequentially(TestNG.java:1146)
	at org.testng.TestNG.runSuitesLocally(TestNG.java:1067)
	at org.testng.TestNG.runSuites(TestNG.java:997)
	at org.testng.TestNG.run(TestNG.java:965)
	at org.apache.maven.surefire.testng.TestNGExecutor.run(TestNGExecutor.java:77)
	at org.apache.maven.surefire.testng.TestNGDirectoryTestSuite.executeMulti(TestNGDirectoryTestSuite.java:159)
	at org.apache.maven.surefire.testng.TestNGDirectoryTestSuite.execute(TestNGDirectoryTestSuite.java:99)
	at org.apache.maven.surefire.testng.TestNGProvider.invoke(TestNGProvider.java:106)
	at java.base/jdk.internal.reflect.NativeMethodAccessorImpl.invoke0(Native Method)
	at java.base/jdk.internal.reflect.NativeMethodAccessorImpl.invoke(NativeMethodAccessorImpl.java:62)
	at java.base/jdk.internal.reflect.DelegatingMethodAccessorImpl.invoke(DelegatingMethodAccessorImpl.java:43)
	at java.base/java.lang.reflect.Method.invoke(Method.java:566)
	at org.apache.maven.surefire.util.ReflectionUtils.invokeMethodWithArray(ReflectionUtils.java:189)
	at org.apache.maven.surefire.booter.ProviderFactory$ProviderProxy.invoke(ProviderFactory.java:165)
	at org.apache.maven.surefire.booter.ProviderFactory.invokeProvider(ProviderFactory.java:85)
	at org.apache.maven.surefire.booter.ForkedBooter.runSuitesInProcess(ForkedBooter.java:115)
	at org.apache.maven.surefire.booter.ForkedBooter.main(ForkedBooter.java:75)
[Utils] [ERROR] [Error] java.lang.NullPointerException
	at org.apache.poi.poifs.filesystem.FileMagic.prepareToCheckMagic(FileMagic.java:173)
	at org.apache.poi.ss.usermodel.WorkbookFactory.create(WorkbookFactory.java:224)
	at org.apache.poi.ss.usermodel.WorkbookFactory.create(WorkbookFactory.java:198)
	at com.qa.Util.TestUtil.getTestData(TestUtil.java:38)
	at com.qa.TestCases.ProductNservicePageTest.getProductTestData(ProductNservicePageTest.java:45)
	at java.base/jdk.internal.reflect.NativeMethodAccessorImpl.invoke0(Native Method)
	at java.base/jdk.internal.reflect.NativeMethodAccessorImpl.invoke(NativeMethodAccessorImpl.java:62)
	at java.base/jdk.internal.reflect.DelegatingMethodAccessorImpl.invoke(DelegatingMethodAccessorImpl.java:43)
	at java.base/java.lang.reflect.Method.invoke(Method.java:566)
	at org.testng.internal.MethodInvocationHelper.invokeMethod(MethodInvocationHelper.java:131)
	at org.testng.internal.MethodInvocationHelper.invokeMethod(MethodInvocationHelper.java:76)
	at org.testng.internal.MethodInvocationHelper.invokeMethodNoCheckedException(MethodInvocationHelper.java:45)
	at org.testng.internal.MethodInvocationHelper.invokeDataProvider(MethodInvocationHelper.java:144)
	at org.testng.internal.Parameters.handleParameters(Parameters.java:794)
	at org.testng.internal.Parameters.handleParameters(Parameters.java:739)
	at org.testng.internal.ParameterHandler.handleParameters(ParameterHandler.java:60)
	at org.testng.internal.ParameterHandler.createParameters(ParameterHandler.java:39)
	at org.testng.internal.TestInvoker$MethodInvocationAgent.invoke(TestInvoker.java:757)
	at org.testng.internal.TestInvoker.invokeTestMethods(TestInvoker.java:143)
	at org.testng.internal.TestMethodWorker.invokeTestMethods(TestMethodWorker.java:146)
	at org.testng.internal.TestMethodWorker.run(TestMethodWorker.java:128)
	at org.testng.TestRunner.privateRun(TestRunner.java:763)
	at org.testng.TestRunner.run(TestRunner.java:594)
	at org.testng.SuiteRunner.runTest(SuiteRunner.java:398)
	at org.testng.SuiteRunner.runSequentially(SuiteRunner.java:392)
	at org.testng.SuiteRunner.privateRun(SuiteRunner.java:355)
	at org.testng.SuiteRunner.run(SuiteRunner.java:304)
	at org.testng.SuiteRunnerWorker.runSuite(SuiteRunnerWorker.java:53)
	at org.testng.SuiteRunnerWorker.run(SuiteRunnerWorker.java:96)
	at org.testng.TestNG.runSuitesSequentially(TestNG.java:1146)
	at org.testng.TestNG.runSuitesLocally(TestNG.java:1067)
	at org.testng.TestNG.runSuites(TestNG.java:997)
	at org.testng.TestNG.run(TestNG.java:965)
	at org.apache.maven.surefire.testng.TestNGExecutor.run(TestNGExecutor.java:77)
	at org.apache.maven.surefire.testng.TestNGDirectoryTestSuite.executeMulti(TestNGDirectoryTestSuite.java:159)
	at org.apache.maven.surefire.testng.TestNGDirectoryTestSuite.execute(TestNGDirectoryTestSuite.java:99)
	at org.apache.maven.surefire.testng.TestNGProvider.invoke(TestNGProvider.java:106)
	at java.base/jdk.internal.reflect.NativeMethodAccessorImpl.invoke0(Native Method)
	at java.base/jdk.internal.reflect.NativeMethodAccessorImpl.invoke(NativeMethodAccessorImpl.java:62)
	at java.base/jdk.internal.reflect.DelegatingMethodAccessorImpl.invoke(DelegatingMethodAccessorImpl.java:43)
	at java.base/java.lang.reflect.Method.invoke(Method.java:566)
	at org.apache.maven.surefire.util.ReflectionUtils.invokeMethodWithArray(ReflectionUtils.java:189)
	at org.apache.maven.surefire.booter.ProviderFactory$ProviderProxy.invoke(ProviderFactory.java:165)
	at org.apache.maven.surefire.booter.ProviderFactory.invokeProvider(ProviderFactory.java:85)
	at org.apache.maven.surefire.booter.ForkedBooter.runSuitesInProcess(ForkedBooter.java:115)
	at org.apache.maven.surefire.booter.ForkedBooter.main(ForkedBooter.java:75)

</system-err>
  </testcase>
</testsuite>