<?xml version="1.0" encoding="UTF-8" ?>
<testsuite tests="13" failures="0" name="TestSuite" time="14.201" errors="0" skipped="0">
  <properties>
[...]
</properties>
  <testcase classname="com.qa.TestCases.CrmPageTest" name="clickOnAddContactTest" time="0.439"/>
  <testcase classname="com.qa.TestCases.CrmPageTest" name="CreateNewContactTest" time="0.301"/>
  <testcase classname="com.qa.TestCases.CrmPageTest" name="crmPageTitleTest" time="0.009"/>
  <testcase classname="com.qa.TestCases.HomePageTest" name="HomePageTitleTest" time="0.014"/>
  <testcase classname="com.qa.TestCases.HomePageTest" name="userNameLableTest" time="0.038"/>
  <testcase classname="com.qa.TestCases.LoginPageTest" name="LoginTest" time="1.498"/>
  <testcase classname="com.qa.TestCases.LoginPageTest" name="verifylogo" time="0.029"/>
  <testcase classname="com.qa.TestCases.LoginPageTest" name="LoginPageTitleTest" time="0.005"/>
  <testcase classname="com.qa.TestCases.ProductNservicePageTest" name="ProNservicePageTitileTest" time="0.005"/>
  <testcase classname="com.qa.TestCases.ProductNservicePageTest" name="CreatNewProductTest" time="2.909"/>
  <testcase classname="com.qa.TestCases.ProductNservicePageTest" name="CreatNewProductTest" time="2.984"/>
  <testcase classname="com.qa.TestCases.ProductNservicePageTest" name="CreatNewProductTest" time="3.027"/>
  <testcase classname="com.qa.TestCases.ProductNservicePageTest" name="CreatNewProductTest" time="2.943"/>
</testsuite>