<?xml version="1.0" encoding="UTF-8"?>
<testng-results ignored="0" total="10" passed="9" failed="0" skipped="1">
  <reporter-output>
  </reporter-output>
  <suite started-at="2019-03-22T13:15:08 CDT" name="Command line suite" finished-at="2019-03-22T13:16:11 CDT" duration-ms="62975">
    <groups>
    </groups>
    <test started-at="2019-03-22T13:15:08 CDT" name="Command line test" finished-at="2019-03-22T13:16:11 CDT" duration-ms="62975">
      <class name="com.qa.TestCases.HomePageTest">
        <test-method is-config="true" signature="setUp()[pri:0, instance:com.qa.TestCases.HomePageTest@544fa968]" started-at="2019-03-22T13:15:33 CDT" name="setUp" finished-at="2019-03-22T13:15:39 CDT" duration-ms="5563" status="PASS">
          <reporter-output>
          </reporter-output>
        </test-method> <!-- setUp -->
        <test-method signature="HomePageTitleTest()[pri:1, instance:com.qa.TestCases.HomePageTest@544fa968]" started-at="2019-03-22T13:15:39 CDT" name="HomePageTitleTest" finished-at="2019-03-22T13:15:39 CDT" duration-ms="8" status="PASS">
          <reporter-output>
          </reporter-output>
        </test-method> <!-- HomePageTitleTest -->
        <test-method is-config="true" signature="TearDown()[pri:0, instance:com.qa.TestCases.HomePageTest@544fa968]" started-at="2019-03-22T13:15:39 CDT" name="TearDown" finished-at="2019-03-22T13:15:40 CDT" duration-ms="610" status="PASS">
          <reporter-output>
          </reporter-output>
        </test-method> <!-- TearDown -->
        <test-method is-config="true" signature="setUp()[pri:0, instance:com.qa.TestCases.HomePageTest@544fa968]" started-at="2019-03-22T13:15:40 CDT" name="setUp" finished-at="2019-03-22T13:15:46 CDT" duration-ms="6089" status="PASS">
          <reporter-output>
          </reporter-output>
        </test-method> <!-- setUp -->
        <test-method signature="userNameLableTest()[pri:2, instance:com.qa.TestCases.HomePageTest@544fa968]" started-at="2019-03-22T13:15:46 CDT" name="userNameLableTest" finished-at="2019-03-22T13:15:46 CDT" duration-ms="31" status="PASS">
          <reporter-output>
          </reporter-output>
        </test-method> <!-- userNameLableTest -->
        <test-method is-config="true" signature="TearDown()[pri:0, instance:com.qa.TestCases.HomePageTest@544fa968]" started-at="2019-03-22T13:15:46 CDT" name="TearDown" finished-at="2019-03-22T13:15:46 CDT" duration-ms="618" status="PASS">
          <reporter-output>
          </reporter-output>
        </test-method> <!-- TearDown -->
      </class> <!-- com.qa.TestCases.HomePageTest -->
      <class name="com.qa.TestCases.ProductNservicePageTest">
        <test-method is-config="true" signature="setUp()[pri:0, instance:com.qa.TestCases.ProductNservicePageTest@d35dea7]" started-at="2019-03-22T13:16:03 CDT" name="setUp" finished-at="2019-03-22T13:16:10 CDT" duration-ms="6654" status="PASS">
          <reporter-output>
          </reporter-output>
        </test-method> <!-- setUp -->
        <test-method signature="ProNservicePageTitileTest()[pri:1, instance:com.qa.TestCases.ProductNservicePageTest@d35dea7]" started-at="2019-03-22T13:16:10 CDT" name="ProNservicePageTitileTest" finished-at="2019-03-22T13:16:10 CDT" duration-ms="7" status="PASS">
          <reporter-output>
          </reporter-output>
        </test-method> <!-- ProNservicePageTitileTest -->
        <test-method is-config="true" signature="TearDown()[pri:0, instance:com.qa.TestCases.ProductNservicePageTest@d35dea7]" started-at="2019-03-22T13:16:10 CDT" name="TearDown" finished-at="2019-03-22T13:16:11 CDT" duration-ms="624" status="PASS">
          <reporter-output>
          </reporter-output>
        </test-method> <!-- TearDown -->
        <test-method signature="CreatNewProductTest(java.lang.String, java.lang.String, java.lang.String, java.lang.String)[pri:2, instance:com.qa.TestCases.ProductNservicePageTest@d35dea7]" started-at="2019-03-22T13:16:11 CDT" name="CreatNewProductTest" data-provider="getProductTestData" finished-at="2019-03-22T13:16:11 CDT" duration-ms="0" status="SKIP">
          <exception class="java.lang.RuntimeException">
            <message>
              <![CDATA[java.lang.NullPointerException]]>
            </message>
            <full-stacktrace>
              <![CDATA[java.lang.RuntimeException: java.lang.NullPointerException
at org.testng.internal.MethodInvocationHelper.invokeMethodNoCheckedException(MethodInvocationHelper.java:49)
at org.testng.internal.MethodInvocationHelper.invokeDataProvider(MethodInvocationHelper.java:144)
at org.testng.internal.Parameters.handleParameters(Parameters.java:794)
at org.testng.internal.Parameters.handleParameters(Parameters.java:739)
at org.testng.internal.ParameterHandler.handleParameters(ParameterHandler.java:60)
at org.testng.internal.ParameterHandler.createParameters(ParameterHandler.java:39)
at org.testng.internal.TestInvoker$MethodInvocationAgent.invoke(TestInvoker.java:757)
at org.testng.internal.TestInvoker.invokeTestMethods(TestInvoker.java:143)
at org.testng.internal.TestMethodWorker.invokeTestMethods(TestMethodWorker.java:146)
at org.testng.internal.TestMethodWorker.run(TestMethodWorker.java:128)
at org.testng.TestRunner.privateRun(TestRunner.java:763)
at org.testng.TestRunner.run(TestRunner.java:594)
at org.testng.SuiteRunner.runTest(SuiteRunner.java:398)
at org.testng.SuiteRunner.runSequentially(SuiteRunner.java:392)
at org.testng.SuiteRunner.privateRun(SuiteRunner.java:355)
at org.testng.SuiteRunner.run(SuiteRunner.java:304)
at org.testng.SuiteRunnerWorker.runSuite(SuiteRunnerWorker.java:53)
at org.testng.SuiteRunnerWorker.run(SuiteRunnerWorker.java:96)
at org.testng.TestNG.runSuitesSequentially(TestNG.java:1146)
at org.testng.TestNG.runSuitesLocally(TestNG.java:1067)
at org.testng.TestNG.runSuites(TestNG.java:997)
at org.testng.TestNG.run(TestNG.java:965)
at org.apache.maven.surefire.testng.TestNGExecutor.run(TestNGExecutor.java:77)
at org.apache.maven.surefire.testng.TestNGDirectoryTestSuite.executeMulti(TestNGDirectoryTestSuite.java:159)
at org.apache.maven.surefire.testng.TestNGDirectoryTestSuite.execute(TestNGDirectoryTestSuite.java:99)
at org.apache.maven.surefire.testng.TestNGProvider.invoke(TestNGProvider.java:106)
at java.base/jdk.internal.reflect.NativeMethodAccessorImpl.invoke0(Native Method)
at java.base/jdk.internal.reflect.NativeMethodAccessorImpl.invoke(NativeMethodAccessorImpl.java:62)
at java.base/jdk.internal.reflect.DelegatingMethodAccessorImpl.invoke(DelegatingMethodAccessorImpl.java:43)
at java.base/java.lang.reflect.Method.invoke(Method.java:566)
at org.apache.maven.surefire.util.ReflectionUtils.invokeMethodWithArray(ReflectionUtils.java:189)
at org.apache.maven.surefire.booter.ProviderFactory$ProviderProxy.invoke(ProviderFactory.java:165)
at org.apache.maven.surefire.booter.ProviderFactory.invokeProvider(ProviderFactory.java:85)
at org.apache.maven.surefire.booter.ForkedBooter.runSuitesInProcess(ForkedBooter.java:115)
at org.apache.maven.surefire.booter.ForkedBooter.main(ForkedBooter.java:75)
Caused by: java.lang.NullPointerException
at org.apache.poi.poifs.filesystem.FileMagic.prepareToCheckMagic(FileMagic.java:173)
at org.apache.poi.ss.usermodel.WorkbookFactory.create(WorkbookFactory.java:224)
at org.apache.poi.ss.usermodel.WorkbookFactory.create(WorkbookFactory.java:198)
at com.qa.Util.TestUtil.getTestData(TestUtil.java:38)
at com.qa.TestCases.ProductNservicePageTest.getProductTestData(ProductNservicePageTest.java:45)
at java.base/jdk.internal.reflect.NativeMethodAccessorImpl.invoke0(Native Method)
at java.base/jdk.internal.reflect.NativeMethodAccessorImpl.invoke(NativeMethodAccessorImpl.java:62)
at java.base/jdk.internal.reflect.DelegatingMethodAccessorImpl.invoke(DelegatingMethodAccessorImpl.java:43)
at java.base/java.lang.reflect.Method.invoke(Method.java:566)
at org.testng.internal.MethodInvocationHelper.invokeMethod(MethodInvocationHelper.java:131)
at org.testng.internal.MethodInvocationHelper.invokeMethod(MethodInvocationHelper.java:76)
at org.testng.internal.MethodInvocationHelper.invokeMethodNoCheckedException(MethodInvocationHelper.java:45)
... 34 more
]]>
            </full-stacktrace>
          </exception> <!-- java.lang.RuntimeException -->
          <reporter-output>
          </reporter-output>
        </test-method> <!-- CreatNewProductTest -->
      </class> <!-- com.qa.TestCases.ProductNservicePageTest -->
      <class name="com.qa.TestCases.CrmPageTest">
        <test-method is-config="true" signature="setUp()[pri:0, instance:com.qa.TestCases.CrmPageTest@3bd82cf5]" started-at="2019-03-22T13:15:08 CDT" name="setUp" finished-at="2019-03-22T13:15:16 CDT" duration-ms="8633" status="PASS">
          <reporter-output>
          </reporter-output>
        </test-method> <!-- setUp -->
        <test-method signature="clickOnAddContactTest()[pri:1, instance:com.qa.TestCases.CrmPageTest@3bd82cf5]" started-at="2019-03-22T13:15:16 CDT" name="clickOnAddContactTest" finished-at="2019-03-22T13:15:17 CDT" duration-ms="604" status="PASS">
          <reporter-output>
          </reporter-output>
        </test-method> <!-- clickOnAddContactTest -->
        <test-method is-config="true" signature="TearDown()[pri:0, instance:com.qa.TestCases.CrmPageTest@3bd82cf5]" started-at="2019-03-22T13:15:17 CDT" name="TearDown" finished-at="2019-03-22T13:15:18 CDT" duration-ms="623" status="PASS">
          <reporter-output>
          </reporter-output>
        </test-method> <!-- TearDown -->
        <test-method is-config="true" signature="setUp()[pri:0, instance:com.qa.TestCases.CrmPageTest@3bd82cf5]" started-at="2019-03-22T13:15:18 CDT" name="setUp" finished-at="2019-03-22T13:15:24 CDT" duration-ms="6773" status="PASS">
          <reporter-output>
          </reporter-output>
        </test-method> <!-- setUp -->
        <test-method signature="CreateNewContactTest()[pri:2, instance:com.qa.TestCases.CrmPageTest@3bd82cf5]" started-at="2019-03-22T13:15:24 CDT" name="CreateNewContactTest" finished-at="2019-03-22T13:15:25 CDT" duration-ms="572" status="PASS">
          <reporter-output>
          </reporter-output>
        </test-method> <!-- CreateNewContactTest -->
        <test-method is-config="true" signature="TearDown()[pri:0, instance:com.qa.TestCases.CrmPageTest@3bd82cf5]" started-at="2019-03-22T13:15:25 CDT" name="TearDown" finished-at="2019-03-22T13:15:26 CDT" duration-ms="628" status="PASS">
          <reporter-output>
          </reporter-output>
        </test-method> <!-- TearDown -->
        <test-method is-config="true" signature="setUp()[pri:0, instance:com.qa.TestCases.CrmPageTest@3bd82cf5]" started-at="2019-03-22T13:15:26 CDT" name="setUp" finished-at="2019-03-22T13:15:33 CDT" duration-ms="7248" status="PASS">
          <reporter-output>
          </reporter-output>
        </test-method> <!-- setUp -->
        <test-method signature="crmPageTitleTest()[pri:3, instance:com.qa.TestCases.CrmPageTest@3bd82cf5]" started-at="2019-03-22T13:15:33 CDT" name="crmPageTitleTest" finished-at="2019-03-22T13:15:33 CDT" duration-ms="12" status="PASS">
          <reporter-output>
          </reporter-output>
        </test-method> <!-- crmPageTitleTest -->
        <test-method is-config="true" signature="TearDown()[pri:0, instance:com.qa.TestCases.CrmPageTest@3bd82cf5]" started-at="2019-03-22T13:15:33 CDT" name="TearDown" finished-at="2019-03-22T13:15:33 CDT" duration-ms="621" status="PASS">
          <reporter-output>
          </reporter-output>
        </test-method> <!-- TearDown -->
      </class> <!-- com.qa.TestCases.CrmPageTest -->
      <class name="com.qa.TestCases.LoginPageTest">
        <test-method is-config="true" signature="setUp()[pri:0, instance:com.qa.TestCases.LoginPageTest@247bddad]" started-at="2019-03-22T13:15:46 CDT" name="setUp" finished-at="2019-03-22T13:15:51 CDT" duration-ms="4352" status="PASS">
          <reporter-output>
          </reporter-output>
        </test-method> <!-- setUp -->
        <test-method signature="LoginTest()[pri:1, instance:com.qa.TestCases.LoginPageTest@247bddad]" started-at="2019-03-22T13:15:51 CDT" name="LoginTest" finished-at="2019-03-22T13:15:53 CDT" duration-ms="1891" status="PASS">
          <reporter-output>
          </reporter-output>
        </test-method> <!-- LoginTest -->
        <test-method is-config="true" signature="teraDown()[pri:0, instance:com.qa.TestCases.LoginPageTest@247bddad]" started-at="2019-03-22T13:15:53 CDT" name="teraDown" finished-at="2019-03-22T13:15:53 CDT" duration-ms="619" status="PASS">
          <reporter-output>
          </reporter-output>
        </test-method> <!-- teraDown -->
        <test-method is-config="true" signature="setUp()[pri:0, instance:com.qa.TestCases.LoginPageTest@247bddad]" started-at="2019-03-22T13:15:53 CDT" name="setUp" finished-at="2019-03-22T13:15:58 CDT" duration-ms="4610" status="PASS">
          <reporter-output>
          </reporter-output>
        </test-method> <!-- setUp -->
        <test-method signature="verifylogo()[pri:2, instance:com.qa.TestCases.LoginPageTest@247bddad]" started-at="2019-03-22T13:15:58 CDT" name="verifylogo" finished-at="2019-03-22T13:15:58 CDT" duration-ms="33" status="PASS">
          <reporter-output>
          </reporter-output>
        </test-method> <!-- verifylogo -->
        <test-method is-config="true" signature="teraDown()[pri:0, instance:com.qa.TestCases.LoginPageTest@247bddad]" started-at="2019-03-22T13:15:58 CDT" name="teraDown" finished-at="2019-03-22T13:15:59 CDT" duration-ms="603" status="PASS">
          <reporter-output>
          </reporter-output>
        </test-method> <!-- teraDown -->
        <test-method is-config="true" signature="setUp()[pri:0, instance:com.qa.TestCases.LoginPageTest@247bddad]" started-at="2019-03-22T13:15:59 CDT" name="setUp" finished-at="2019-03-22T13:16:03 CDT" duration-ms="4213" status="PASS">
          <reporter-output>
          </reporter-output>
        </test-method> <!-- setUp -->
        <test-method signature="LoginPageTitleTest()[pri:3, instance:com.qa.TestCases.LoginPageTest@247bddad]" started-at="2019-03-22T13:16:03 CDT" name="LoginPageTitleTest" finished-at="2019-03-22T13:16:03 CDT" duration-ms="8" status="PASS">
          <reporter-output>
          </reporter-output>
        </test-method> <!-- LoginPageTitleTest -->
        <test-method is-config="true" signature="teraDown()[pri:0, instance:com.qa.TestCases.LoginPageTest@247bddad]" started-at="2019-03-22T13:16:03 CDT" name="teraDown" finished-at="2019-03-22T13:16:03 CDT" duration-ms="607" status="PASS">
          <reporter-output>
          </reporter-output>
        </test-method> <!-- teraDown -->
      </class> <!-- com.qa.TestCases.LoginPageTest -->
    </test> <!-- Command line test -->
  </suite> <!-- Command line suite -->
</testng-results>
