<?xml version="1.0" encoding="UTF-8"?>
<testng-results ignored="0" total="3" passed="3" failed="0" skipped="0">
  <reporter-output>
  </reporter-output>
  <suite started-at="2019-03-17T16:40:17Z" name="Default suite" finished-at="2019-03-17T16:40:36Z" duration-ms="19323">
    <groups>
    </groups>
    <test started-at="2019-03-17T16:40:17Z" name="Default test" finished-at="2019-03-17T16:40:36Z" duration-ms="19323">
      <class name="com.qa.TestCases.LoginPageTest">
        <test-method is-config="true" signature="setUp()[pri:0, instance:com.qa.TestCases.LoginPageTest@7c711375]" started-at="2019-03-17T16:40:17Z" name="setUp" finished-at="2019-03-17T16:40:25Z" duration-ms="7665" status="PASS">
          <reporter-output>
          </reporter-output>
        </test-method> <!-- setUp -->
        <test-method signature="LoginTest()[pri:1, instance:com.qa.TestCases.LoginPageTest@7c711375]" started-at="2019-03-17T16:40:25Z" name="LoginTest" finished-at="2019-03-17T16:40:26Z" duration-ms="1534" status="PASS">
          <reporter-output>
          </reporter-output>
        </test-method> <!-- LoginTest -->
        <test-method is-config="true" signature="teraDown()[pri:0, instance:com.qa.TestCases.LoginPageTest@7c711375]" started-at="2019-03-17T16:40:26Z" name="teraDown" finished-at="2019-03-17T16:40:27Z" duration-ms="618" status="PASS">
          <reporter-output>
          </reporter-output>
        </test-method> <!-- teraDown -->
        <test-method is-config="true" signature="setUp()[pri:0, instance:com.qa.TestCases.LoginPageTest@7c711375]" started-at="2019-03-17T16:40:27Z" name="setUp" finished-at="2019-03-17T16:40:31Z" duration-ms="4092" status="PASS">
          <reporter-output>
          </reporter-output>
        </test-method> <!-- setUp -->
        <test-method signature="verifylogo()[pri:2, instance:com.qa.TestCases.LoginPageTest@7c711375]" started-at="2019-03-17T16:40:31Z" name="verifylogo" finished-at="2019-03-17T16:40:31Z" duration-ms="35" status="PASS">
          <reporter-output>
          </reporter-output>
        </test-method> <!-- verifylogo -->
        <test-method is-config="true" signature="teraDown()[pri:0, instance:com.qa.TestCases.LoginPageTest@7c711375]" started-at="2019-03-17T16:40:31Z" name="teraDown" finished-at="2019-03-17T16:40:32Z" duration-ms="624" status="PASS">
          <reporter-output>
          </reporter-output>
        </test-method> <!-- teraDown -->
        <test-method is-config="true" signature="setUp()[pri:0, instance:com.qa.TestCases.LoginPageTest@7c711375]" started-at="2019-03-17T16:40:32Z" name="setUp" finished-at="2019-03-17T16:40:36Z" duration-ms="4102" status="PASS">
          <reporter-output>
          </reporter-output>
        </test-method> <!-- setUp -->
        <test-method signature="LoginPageTitleTest()[pri:3, instance:com.qa.TestCases.LoginPageTest@7c711375]" started-at="2019-03-17T16:40:36Z" name="LoginPageTitleTest" finished-at="2019-03-17T16:40:36Z" duration-ms="7" status="PASS">
          <reporter-output>
          </reporter-output>
        </test-method> <!-- LoginPageTitleTest -->
        <test-method is-config="true" signature="teraDown()[pri:0, instance:com.qa.TestCases.LoginPageTest@7c711375]" started-at="2019-03-17T16:40:36Z" name="teraDown" finished-at="2019-03-17T16:40:36Z" duration-ms="625" status="PASS">
          <reporter-output>
          </reporter-output>
        </test-method> <!-- teraDown -->
      </class> <!-- com.qa.TestCases.LoginPageTest -->
    </test> <!-- Default test -->
  </suite> <!-- Default suite -->
</testng-results>
